The system is: Windows - 10.0.22621 - AMD64
Compiling the C compiler identification source file "CMakeCCompilerId.c" succeeded.
Compiler:  
Build flags: 
Id flags:  

The output was:
0
MSBuild version 17.5.0+6f08c67f3 for .NET Framework
La génération a démarré 29/05/2023 18:18:36.
Included response file: C:\Program Files\Microsoft Visual Studio\2022\Community\MSBuild\Current\Bin\amd64\MSBuild.rsp

Projet "C:\Personnel\Etude\ESIREM\C++\Project\HorizonGUI-test\dependencies\freetype\CMakeFiles\3.25.2\CompilerIdC\CompilerIdC.vcxproj" sur le nœud 1 (cibles par défaut).
PrepareForBuild:
  Création du répertoire "Debug\".
  Création du répertoire "Debug\CompilerIdC.tlog\".
InitializeBuildStatus:
  Création de "Debug\CompilerIdC.tlog\unsuccessfulbuild", car "AlwaysCreate" a été spécifié.
VcpkgTripletSelection:
  Using triplet "x64-windows" from "C:\Users\rapha\vcpkg\installed\x64-windows\"
  Using normalized configuration "Release"
ClCompile:
  C:\Program Files\Microsoft Visual Studio\2022\Community\VC\Tools\MSVC\14.35.32215\bin\HostX64\x64\CL.exe /c /I"C:\Users\rapha\vcpkg\installed\x64-windows\include" /nologo /W0 /WX- /diagnostics:column /Od /D _MBCS /Gm- /EHsc /RTC1 /MDd /GS /fp:precise /Zc:wchar_t /Zc:forScope /Zc:inline /Fo"Debug\\" /Fd"Debug\vc143.pdb" /external:W0 /Gd /TC /FC /errorReport:queue CMakeCCompilerId.c
  CMakeCCompilerId.c
Link:
  C:\Program Files\Microsoft Visual Studio\2022\Community\VC\Tools\MSVC\14.35.32215\bin\HostX64\x64\link.exe /ERRORREPORT:QUEUE /OUT:".\CompilerIdC.exe" /INCREMENTAL:NO /NOLOGO /LIBPATH:"C:\Users\rapha\vcpkg\installed\x64-windows\lib" /LIBPATH:"C:\Users\rapha\vcpkg\installed\x64-windows\lib\manual-link" kernel32.lib user32.lib gdi32.lib winspool.lib comdlg32.lib advapi32.lib shell32.lib ole32.lib oleaut32.lib uuid.lib odbc32.lib odbccp32.lib "C:\Users\rapha\vcpkg\installed\x64-windows\lib\*.lib" /MANIFEST /MANIFESTUAC:"level='asInvoker' uiAccess='false'" /manifest:embed /PDB:".\CompilerIdC.pdb" /SUBSYSTEM:CONSOLE /TLBID:1 /DYNAMICBASE /NXCOMPAT /IMPLIB:".\CompilerIdC.lib" /MACHINE:X64 Debug\CMakeCCompilerId.obj
  CompilerIdC.vcxproj -> C:\Personnel\Etude\ESIREM\C++\Project\HorizonGUI-test\dependencies\freetype\CMakeFiles\3.25.2\CompilerIdC\CompilerIdC.exe
AppLocalFromInstalled:
  pwsh.exe -ExecutionPolicy Bypass -noprofile -File "C:\Users\rapha\vcpkg\scripts\buildsystems\msbuild\applocal.ps1" "C:\Personnel\Etude\ESIREM\C++\Project\HorizonGUI-test\dependencies\freetype\CMakeFiles\3.25.2\CompilerIdC\CompilerIdC.exe" "C:\Users\rapha\vcpkg\installed\x64-windows\bin" "Debug\CompilerIdC.tlog\CompilerIdC.write.1u.tlog" "Debug\vcpkg.applocal.log"
  'pwsh.exe' n'est pas reconnu en tant que commande interne
  ou externe, un programme exécutable ou un fichier de commandes.
  La commande "pwsh.exe -ExecutionPolicy Bypass -noprofile -File "C:\Users\rapha\vcpkg\scripts\buildsystems\msbuild\applocal.ps1" "C:\Personnel\Etude\ESIREM\C++\Project\HorizonGUI-test\dependencies\freetype\CMakeFiles\3.25.2\CompilerIdC\CompilerIdC.exe" "C:\Users\rapha\vcpkg\installed\x64-windows\bin" "Debug\CompilerIdC.tlog\CompilerIdC.write.1u.tlog" "Debug\vcpkg.applocal.log"" s'est arrêtée avec le code 9009.
  "C:\WINDOWS\System32\WindowsPowerShell\v1.0\powershell.exe" -ExecutionPolicy Bypass -noprofile -File "C:\Users\rapha\vcpkg\scripts\buildsystems\msbuild\applocal.ps1" "C:\Personnel\Etude\ESIREM\C++\Project\HorizonGUI-test\dependencies\freetype\CMakeFiles\3.25.2\CompilerIdC\CompilerIdC.exe" "C:\Users\rapha\vcpkg\installed\x64-windows\bin" "Debug\CompilerIdC.tlog\CompilerIdC.write.1u.tlog" "Debug\vcpkg.applocal.log"
PostBuildEvent:
  for %%i in (cl.exe) do @echo CMAKE_C_COMPILER=%%~$PATH:i
  :VCEnd
  CMAKE_C_COMPILER=C:\Program Files\Microsoft Visual Studio\2022\Community\VC\Tools\MSVC\14.35.32215\bin\Hostx64\x64\cl.exe
FinalizeBuildStatus:
  Suppression du fichier "Debug\CompilerIdC.tlog\unsuccessfulbuild".
  Mise à jour de l'horodatage "Debug\CompilerIdC.tlog\CompilerIdC.lastbuildstate".
Génération du projet "C:\Personnel\Etude\ESIREM\C++\Project\HorizonGUI-test\dependencies\freetype\CMakeFiles\3.25.2\CompilerIdC\CompilerIdC.vcxproj" terminée (cibles par défaut).

La génération a réussi.
    0 Avertissement(s)
    0 Erreur(s)

Temps écoulé 00:00:02.12


Compilation of the C compiler identification source "CMakeCCompilerId.c" produced "CompilerIdC.exe"

Compilation of the C compiler identification source "CMakeCCompilerId.c" produced "CompilerIdC.vcxproj"

The C compiler identification is MSVC, found in "C:/Personnel/Etude/ESIREM/C++/Project/HorizonGUI-test/dependencies/freetype/CMakeFiles/3.25.2/CompilerIdC/CompilerIdC.exe"

Detecting C compiler ABI info compiled with the following output:
Change Dir: C:/Personnel/Etude/ESIREM/C++/Project/HorizonGUI-test/dependencies/freetype/CMakeFiles/CMakeScratch/TryCompile-a75ppf

Run Build Command(s):C:/Program Files/Microsoft Visual Studio/2022/Community/MSBuild/Current/Bin/amd64/MSBuild.exe cmTC_68ecf.vcxproj /p:Configuration=Debug /p:Platform=x64 /p:VisualStudioVersion=17.0 /v:m && MSBuild version 17.5.0+6f08c67f3 for .NET Framework

  Compilateur d'optimisation Microsoft (R) C/C++ version 19.35.32215 pour x64
  CMakeCCompilerABI.c
  Copyright (C) Microsoft Corporation. Tous droits réservés.
  cl /c /I"C:\Users\rapha\vcpkg\installed\x64-windows\include" /Zi /W3 /WX- /diagnostics:column /Od /Ob0 /D _MBCS /D WIN32 /D _WINDOWS /D "CMAKE_INTDIR=\"Debug\"" /Gm- /RTC1 /MDd /GS /fp:precise /Zc:wchar_t /Zc:forScope /Zc:inline /Fo"cmTC_68ecf.dir\Debug\\" /Fd"cmTC_68ecf.dir\Debug\vc143.pdb" /external:W3 /Gd /TC /errorReport:queue "C:\Program Files\CMake\share\cmake-3.25\Modules\CMakeCCompilerABI.c"
  cmTC_68ecf.vcxproj -> C:\Personnel\Etude\ESIREM\C++\Project\HorizonGUI-test\dependencies\freetype\CMakeFiles\CMakeScratch\TryCompile-a75ppf\Debug\cmTC_68ecf.exe



